#! /usr/bin/vvp
:ivl_version "10.1 (stable)";
:ivl_delay_selection "TYPICAL";
:vpi_time_precision + 0;
:vpi_module "system";
:vpi_module "vhdl_sys";
:vpi_module "v2005_math";
:vpi_module "va_math";
S_0x559eac620510 .scope module, "testcount4r" "testcount4r" 2 1;
 .timescale 0 0;
v0x559eac640b50_0 .var "ck", 0 0;
v0x559eac640c20_0 .net "out", 3 0, L_0x559eac640df0;  1 drivers
v0x559eac640cf0_0 .var "res", 0 0;
S_0x559eac620690 .scope module, "cnt" "count4r" 2 14, 3 1 0, S_0x559eac620510;
 .timescale 0 0;
    .port_info 0 /OUTPUT 4 "out"
    .port_info 1 /INPUT 1 "ck"
    .port_info 2 /INPUT 1 "res"
L_0x559eac640df0 .functor BUFZ 4, v0x559eac640950_0, C4<0000>, C4<0000>, C4<0000>;
v0x559eac6208b0_0 .net "ck", 0 0, v0x559eac640b50_0;  1 drivers
v0x559eac640870_0 .net "out", 3 0, L_0x559eac640df0;  alias, 1 drivers
v0x559eac640950_0 .var "q", 3 0;
v0x559eac640a10_0 .net "res", 0 0, v0x559eac640cf0_0;  1 drivers
E_0x559eac5e5d70/0 .event negedge, v0x559eac640a10_0;
E_0x559eac5e5d70/1 .event posedge, v0x559eac6208b0_0;
E_0x559eac5e5d70 .event/or E_0x559eac5e5d70/0, E_0x559eac5e5d70/1;
    .scope S_0x559eac620690;
T_0 ;
    %wait E_0x559eac5e5d70;
    %load/vec4 v0x559eac640a10_0;
    %nor/r;
    %flag_set/vec4 8;
    %jmp/0xz  T_0.0, 8;
    %pushi/vec4 0, 0, 4;
    %assign/vec4 v0x559eac640950_0, 0;
    %jmp T_0.1;
T_0.0 ;
    %load/vec4 v0x559eac640950_0;
    %addi 1, 0, 4;
    %assign/vec4 v0x559eac640950_0, 0;
T_0.1 ;
    %jmp T_0;
    .thread T_0;
    .scope S_0x559eac620510;
T_1 ;
    %vpi_call 2 5 "$monitor", "%t %b %b %b", $time, v0x559eac640b50_0, v0x559eac640cf0_0, v0x559eac640c20_0 {0 0 0};
    %pushi/vec4 0, 0, 1;
    %assign/vec4 v0x559eac640b50_0, 0;
    %pushi/vec4 0, 0, 1;
    %assign/vec4 v0x559eac640cf0_0, 0;
    %delay 40, 0;
    %pushi/vec4 1, 0, 1;
    %assign/vec4 v0x559eac640cf0_0, 0;
    %delay 350, 0;
    %vpi_call 2 11 "$finish" {0 0 0};
    %end;
    .thread T_1;
    .scope S_0x559eac620510;
T_2 ;
    %delay 10, 0;
    %load/vec4 v0x559eac640b50_0;
    %inv;
    %assign/vec4 v0x559eac640b50_0, 0;
    %jmp T_2;
    .thread T_2;
# The file index is used to find the file name in the following table.
:file_names 4;
    "N/A";
    "<interactive>";
    "testcount4r.v";
    "count4r.v";
