#! /usr/bin/vvp
:ivl_version "10.1 (stable)";
:ivl_delay_selection "TYPICAL";
:vpi_time_precision + 0;
:vpi_module "system";
:vpi_module "vhdl_sys";
:vpi_module "v2005_math";
:vpi_module "va_math";
S_0x5594af3c4dc0 .scope module, "simcpu" "simcpu" 2 1;
 .timescale 0 0;
v0x5594af3fd340_0 .array/port v0x5594af3fd340, 0;
L_0x5594af4124f0 .functor BUFZ 16, v0x5594af3fd340_0, C4<0000000000000000>, C4<0000000000000000>, C4<0000000000000000>;
v0x5594af3fd340_1 .array/port v0x5594af3fd340, 1;
L_0x5594af412560 .functor BUFZ 16, v0x5594af3fd340_1, C4<0000000000000000>, C4<0000000000000000>, C4<0000000000000000>;
v0x5594af3fd340_2 .array/port v0x5594af3fd340, 2;
L_0x5594af412600 .functor BUFZ 16, v0x5594af3fd340_2, C4<0000000000000000>, C4<0000000000000000>, C4<0000000000000000>;
v0x5594af3fd0a0_0 .var "CK", 0 0;
v0x5594af3fd160_0 .net "DA", 15 0, L_0x5594af410150;  1 drivers
RS_0x7fc06ad62108 .resolv tri, L_0x5594af410c30, L_0x5594af412990;
v0x5594af3fd200_0 .net8 "DD", 15 0, RS_0x7fc06ad62108;  2 drivers
v0x5594af3fd2a0_0 .var "DDi", 15 0;
v0x5594af3fd340 .array "DMEM", 127 0, 15 0;
v0x5594af3fe810_0 .net "DMEM00", 15 0, L_0x5594af4124f0;  1 drivers
v0x5594af3fe8f0_0 .net "DMEM01", 15 0, L_0x5594af412560;  1 drivers
v0x5594af3fe9d0_0 .net "DMEM02", 15 0, L_0x5594af412600;  1 drivers
v0x5594af3feab0_0 .net "IA", 15 0, L_0x5594af4107d0;  1 drivers
v0x5594af3feb70_0 .var "ID", 15 0;
v0x5594af3fec10 .array "IMEM", 127 0, 15 0;
v0x5594af3fecb0_0 .var "RST", 0 0;
v0x5594af3fed80_0 .net "RW", 0 0, v0x5594af3fa2b0_0;  1 drivers
L_0x7fc06ad195b8 .functor BUFT 1, C4<0000000000000000000000000000000>, C4<0>, C4<0>, C4<0>;
v0x5594af3fee50_0 .net *"_s12", 30 0, L_0x7fc06ad195b8;  1 drivers
L_0x7fc06ad19600 .functor BUFT 1, C4<00000000000000000000000000000001>, C4<0>, C4<0>, C4<0>;
v0x5594af3feef0_0 .net/2u *"_s13", 31 0, L_0x7fc06ad19600;  1 drivers
v0x5594af3fefd0_0 .net *"_s15", 0 0, L_0x5594af412820;  1 drivers
o0x7fc06ad64bc8 .functor BUFZ 16, C4<zzzzzzzzzzzzzzzz>; HiZ drive
; Elide local net with no drivers, v0x5594af3ff090_0 name=_s17
v0x5594af3ff170_0 .net *"_s9", 31 0, L_0x5594af4126d0;  1 drivers
E_0x5594af39f8a0 .event negedge, v0x5594af3cbd70_0;
L_0x5594af4126d0 .concat [ 1 31 0 0], v0x5594af3fa2b0_0, L_0x7fc06ad195b8;
L_0x5594af412820 .cmp/eq 32, L_0x5594af4126d0, L_0x7fc06ad19600;
L_0x5594af412990 .functor MUXZ 16, o0x7fc06ad64bc8, v0x5594af3fd2a0_0, L_0x5594af412820, C4<>;
S_0x5594af3c4a40 .scope module, "c" "CPU" 2 9, 3 2 0, S_0x5594af3c4dc0;
 .timescale 0 0;
    .port_info 0 /INPUT 1 "CK"
    .port_info 1 /INPUT 1 "RST"
    .port_info 2 /OUTPUT 16 "IA"
    .port_info 3 /INPUT 16 "ID"
    .port_info 4 /OUTPUT 16 "DA"
    .port_info 5 /INOUT 16 "DD"
    .port_info 6 /OUTPUT 1 "RW"
v0x5594af3f9d90_1 .array/port v0x5594af3f9d90, 1;
L_0x5594af40f350 .functor BUFZ 16, v0x5594af3f9d90_1, C4<0000000000000000>, C4<0000000000000000>, C4<0000000000000000>;
v0x5594af3f9d90_5 .array/port v0x5594af3f9d90, 5;
L_0x5594af40f450 .functor BUFZ 16, v0x5594af3f9d90_5, C4<0000000000000000>, C4<0000000000000000>, C4<0000000000000000>;
L_0x5594af410150 .functor BUFZ 16, v0x5594af3f94d0_0, C4<0000000000000000>, C4<0000000000000000>, C4<0000000000000000>;
L_0x5594af4107d0 .functor BUFZ 16, v0x5594af3f9a10_0, C4<0000000000000000>, C4<0000000000000000>, C4<0000000000000000>;
v0x5594af3d76e0_0 .net "ABUS", 15 0, L_0x5594af40fed0;  1 drivers
v0x5594af3d7b10_0 .net "BBUS", 15 0, L_0x5594af4105b0;  1 drivers
v0x5594af3d5f40_0 .net "CBUS", 15 0, L_0x5594af412290;  1 drivers
v0x5594af3cbd70_0 .net "CK", 0 0, v0x5594af3fd0a0_0;  1 drivers
v0x5594af3c62d0_0 .net "DA", 15 0, L_0x5594af410150;  alias, 1 drivers
v0x5594af3f8c30_0 .net8 "DD", 15 0, RS_0x7fc06ad62108;  alias, 2 drivers
v0x5594af3f8d10_0 .var "FLAG", 0 0;
v0x5594af3f8dd0_0 .var "FUA", 15 0;
v0x5594af3f8eb0_0 .var "FUB", 15 0;
v0x5594af3f8f90_0 .var "FUC", 15 0;
v0x5594af3f9070_0 .net "IA", 15 0, L_0x5594af4107d0;  alias, 1 drivers
v0x5594af3f9150_0 .net "ID", 15 0, v0x5594af3feb70_0;  1 drivers
v0x5594af3f9230_0 .net "IMM", 7 0, L_0x5594af40f890;  1 drivers
v0x5594af3f9310_0 .var "INST", 15 0;
v0x5594af3f93f0_0 .var "LSUA", 15 0;
v0x5594af3f94d0_0 .var "LSUB", 15 0;
v0x5594af3f95b0_0 .var "LSUC", 15 0;
v0x5594af3f9690_0 .net "OPCODE", 3 0, L_0x5594af40f520;  1 drivers
v0x5594af3f9770_0 .net "OPR1", 3 0, L_0x5594af40f620;  1 drivers
v0x5594af3f9850_0 .net "OPR2", 3 0, L_0x5594af40f6f0;  1 drivers
v0x5594af3f9930_0 .net "OPR3", 3 0, L_0x5594af40f7c0;  1 drivers
v0x5594af3f9a10_0 .var "PC", 15 0;
v0x5594af3f9af0_0 .var "PCC", 15 0;
v0x5594af3f9bd0_0 .var "PCI", 15 0;
v0x5594af3f9cb0_0 .net "PCn", 15 0, L_0x5594af40f2b0;  1 drivers
v0x5594af3f9d90 .array "RF", 14 0, 15 0;
v0x5594af3fa030_0 .net "RF01", 15 0, L_0x5594af40f350;  1 drivers
v0x5594af3fa110_0 .net "RF05", 15 0, L_0x5594af40f450;  1 drivers
v0x5594af3fa1f0_0 .net "RST", 0 0, v0x5594af3fecb0_0;  1 drivers
v0x5594af3fa2b0_0 .var "RW", 0 0;
v0x5594af3fa370_0 .var "STAGE", 1 0;
L_0x7fc06ad19018 .functor BUFT 1, C4<0000000000000001>, C4<0>, C4<0>, C4<0>;
v0x5594af3fa450_0 .net/2u *"_s0", 15 0, L_0x7fc06ad19018;  1 drivers
L_0x7fc06ad194e0 .functor BUFT 1, C4<00000000>, C4<0>, C4<0>, C4<0>;
v0x5594af3fa530_0 .net/2u *"_s100", 7 0, L_0x7fc06ad194e0;  1 drivers
v0x5594af3fa610_0 .net *"_s102", 15 0, L_0x5594af411860;  1 drivers
v0x5594af3fa6f0_0 .net *"_s104", 31 0, L_0x5594af411a90;  1 drivers
L_0x7fc06ad19528 .functor BUFT 1, C4<0000000000000000000000000000>, C4<0>, C4<0>, C4<0>;
v0x5594af3fa7d0_0 .net *"_s107", 27 0, L_0x7fc06ad19528;  1 drivers
L_0x7fc06ad19570 .functor BUFT 1, C4<00000000000000000000000000001000>, C4<0>, C4<0>, C4<0>;
v0x5594af3fa8b0_0 .net/2u *"_s108", 31 0, L_0x7fc06ad19570;  1 drivers
v0x5594af3fa990_0 .net *"_s110", 0 0, L_0x5594af411b80;  1 drivers
o0x7fc06ad629d8 .functor BUFZ 16, C4<zzzzzzzzzzzzzzzz>; HiZ drive
; Elide local net with no drivers, v0x5594af3faa50_0 name=_s112
v0x5594af3fab30_0 .net *"_s114", 15 0, L_0x5594af411dc0;  1 drivers
v0x5594af3fac10_0 .net *"_s116", 15 0, L_0x5594af411eb0;  1 drivers
v0x5594af3facf0_0 .net *"_s118", 15 0, L_0x5594af412150;  1 drivers
v0x5594af3fadd0_0 .net *"_s20", 31 0, L_0x5594af40f9a0;  1 drivers
L_0x7fc06ad19060 .functor BUFT 1, C4<0000000000000000000000000000>, C4<0>, C4<0>, C4<0>;
v0x5594af3faeb0_0 .net *"_s23", 27 0, L_0x7fc06ad19060;  1 drivers
L_0x7fc06ad190a8 .functor BUFT 1, C4<00000000000000000000000000000000>, C4<0>, C4<0>, C4<0>;
v0x5594af3faf90_0 .net/2u *"_s24", 31 0, L_0x7fc06ad190a8;  1 drivers
v0x5594af3fb070_0 .net *"_s26", 0 0, L_0x5594af40faa0;  1 drivers
L_0x7fc06ad190f0 .functor BUFT 1, C4<0000000000000000>, C4<0>, C4<0>, C4<0>;
v0x5594af3fb130_0 .net/2u *"_s28", 15 0, L_0x7fc06ad190f0;  1 drivers
v0x5594af3fb210_0 .net *"_s30", 15 0, L_0x5594af40fc60;  1 drivers
v0x5594af3fb2f0_0 .net *"_s32", 5 0, L_0x5594af40fd30;  1 drivers
L_0x7fc06ad19138 .functor BUFT 1, C4<00>, C4<0>, C4<0>, C4<0>;
v0x5594af3fb3d0_0 .net *"_s35", 1 0, L_0x7fc06ad19138;  1 drivers
v0x5594af3fb4b0_0 .net *"_s38", 31 0, L_0x5594af410060;  1 drivers
L_0x7fc06ad19180 .functor BUFT 1, C4<0000000000000000000000000000>, C4<0>, C4<0>, C4<0>;
v0x5594af3fb590_0 .net *"_s41", 27 0, L_0x7fc06ad19180;  1 drivers
L_0x7fc06ad191c8 .functor BUFT 1, C4<00000000000000000000000000000000>, C4<0>, C4<0>, C4<0>;
v0x5594af3fb670_0 .net/2u *"_s42", 31 0, L_0x7fc06ad191c8;  1 drivers
v0x5594af3fb750_0 .net *"_s44", 0 0, L_0x5594af410210;  1 drivers
L_0x7fc06ad19210 .functor BUFT 1, C4<0000000000000000>, C4<0>, C4<0>, C4<0>;
v0x5594af3fb810_0 .net/2u *"_s46", 15 0, L_0x7fc06ad19210;  1 drivers
v0x5594af3fb8f0_0 .net *"_s48", 15 0, L_0x5594af410350;  1 drivers
v0x5594af3fb9d0_0 .net *"_s50", 5 0, L_0x5594af410470;  1 drivers
L_0x7fc06ad19258 .functor BUFT 1, C4<00>, C4<0>, C4<0>, C4<0>;
v0x5594af3fbab0_0 .net *"_s53", 1 0, L_0x7fc06ad19258;  1 drivers
v0x5594af3fbb90_0 .net *"_s60", 31 0, L_0x5594af410910;  1 drivers
L_0x7fc06ad192a0 .functor BUFT 1, C4<0000000000000000000000000000000>, C4<0>, C4<0>, C4<0>;
v0x5594af3fbc70_0 .net *"_s63", 30 0, L_0x7fc06ad192a0;  1 drivers
L_0x7fc06ad192e8 .functor BUFT 1, C4<00000000000000000000000000000000>, C4<0>, C4<0>, C4<0>;
v0x5594af3fbd50_0 .net/2u *"_s64", 31 0, L_0x7fc06ad192e8;  1 drivers
v0x5594af3fbe30_0 .net *"_s66", 0 0, L_0x5594af410a50;  1 drivers
o0x7fc06ad62e58 .functor BUFZ 16, C4<zzzzzzzzzzzzzzzz>; HiZ drive
; Elide local net with no drivers, v0x5594af3fbef0_0 name=_s68
v0x5594af3fbfd0_0 .net *"_s73", 0 0, L_0x5594af410d70;  1 drivers
v0x5594af3fc0b0_0 .net *"_s74", 31 0, L_0x5594af410b90;  1 drivers
L_0x7fc06ad19330 .functor BUFT 1, C4<0000000000000000000000000000000>, C4<0>, C4<0>, C4<0>;
v0x5594af3fc5a0_0 .net *"_s77", 30 0, L_0x7fc06ad19330;  1 drivers
L_0x7fc06ad19378 .functor BUFT 1, C4<00000000000000000000000000000000>, C4<0>, C4<0>, C4<0>;
v0x5594af3fc680_0 .net/2u *"_s78", 31 0, L_0x7fc06ad19378;  1 drivers
v0x5594af3fc760_0 .net *"_s80", 0 0, L_0x5594af410fb0;  1 drivers
v0x5594af3fc820_0 .net *"_s83", 2 0, L_0x5594af4111b0;  1 drivers
v0x5594af3fc900_0 .net *"_s84", 31 0, L_0x5594af411250;  1 drivers
L_0x7fc06ad193c0 .functor BUFT 1, C4<00000000000000000000000000000>, C4<0>, C4<0>, C4<0>;
v0x5594af3fc9e0_0 .net *"_s87", 28 0, L_0x7fc06ad193c0;  1 drivers
L_0x7fc06ad19408 .functor BUFT 1, C4<00000000000000000000000000000101>, C4<0>, C4<0>, C4<0>;
v0x5594af3fcac0_0 .net/2u *"_s88", 31 0, L_0x7fc06ad19408;  1 drivers
v0x5594af3fcba0_0 .net *"_s90", 0 0, L_0x5594af411460;  1 drivers
v0x5594af3fcc60_0 .net *"_s92", 31 0, L_0x5594af4115a0;  1 drivers
L_0x7fc06ad19450 .functor BUFT 1, C4<0000000000000000000000000000>, C4<0>, C4<0>, C4<0>;
v0x5594af3fcd40_0 .net *"_s95", 27 0, L_0x7fc06ad19450;  1 drivers
L_0x7fc06ad19498 .functor BUFT 1, C4<00000000000000000000000000001100>, C4<0>, C4<0>, C4<0>;
v0x5594af3fce20_0 .net/2u *"_s96", 31 0, L_0x7fc06ad19498;  1 drivers
v0x5594af3fcf00_0 .net *"_s98", 0 0, L_0x5594af411720;  1 drivers
E_0x5594af3a16a0 .event posedge, v0x5594af3cbd70_0;
L_0x5594af40f2b0 .arith/sum 16, v0x5594af3f9a10_0, L_0x7fc06ad19018;
L_0x5594af40f520 .part v0x5594af3f9310_0, 12, 4;
L_0x5594af40f620 .part v0x5594af3f9310_0, 8, 4;
L_0x5594af40f6f0 .part v0x5594af3f9310_0, 4, 4;
L_0x5594af40f7c0 .part v0x5594af3f9310_0, 0, 4;
L_0x5594af40f890 .part v0x5594af3f9310_0, 0, 8;
L_0x5594af40f9a0 .concat [ 4 28 0 0], L_0x5594af40f6f0, L_0x7fc06ad19060;
L_0x5594af40faa0 .cmp/eq 32, L_0x5594af40f9a0, L_0x7fc06ad190a8;
L_0x5594af40fc60 .array/port v0x5594af3f9d90, L_0x5594af40fd30;
L_0x5594af40fd30 .concat [ 4 2 0 0], L_0x5594af40f6f0, L_0x7fc06ad19138;
L_0x5594af40fed0 .functor MUXZ 16, L_0x5594af40fc60, L_0x7fc06ad190f0, L_0x5594af40faa0, C4<>;
L_0x5594af410060 .concat [ 4 28 0 0], L_0x5594af40f7c0, L_0x7fc06ad19180;
L_0x5594af410210 .cmp/eq 32, L_0x5594af410060, L_0x7fc06ad191c8;
L_0x5594af410350 .array/port v0x5594af3f9d90, L_0x5594af410470;
L_0x5594af410470 .concat [ 4 2 0 0], L_0x5594af40f7c0, L_0x7fc06ad19258;
L_0x5594af4105b0 .functor MUXZ 16, L_0x5594af410350, L_0x7fc06ad19210, L_0x5594af410210, C4<>;
L_0x5594af410910 .concat [ 1 31 0 0], v0x5594af3fa2b0_0, L_0x7fc06ad192a0;
L_0x5594af410a50 .cmp/eq 32, L_0x5594af410910, L_0x7fc06ad192e8;
L_0x5594af410c30 .functor MUXZ 16, o0x7fc06ad62e58, v0x5594af3f93f0_0, L_0x5594af410a50, C4<>;
L_0x5594af410d70 .part L_0x5594af40f520, 3, 1;
L_0x5594af410b90 .concat [ 1 31 0 0], L_0x5594af410d70, L_0x7fc06ad19330;
L_0x5594af410fb0 .cmp/eq 32, L_0x5594af410b90, L_0x7fc06ad19378;
L_0x5594af4111b0 .part L_0x5594af40f520, 1, 3;
L_0x5594af411250 .concat [ 3 29 0 0], L_0x5594af4111b0, L_0x7fc06ad193c0;
L_0x5594af411460 .cmp/eq 32, L_0x5594af411250, L_0x7fc06ad19408;
L_0x5594af4115a0 .concat [ 4 28 0 0], L_0x5594af40f520, L_0x7fc06ad19450;
L_0x5594af411720 .cmp/eq 32, L_0x5594af4115a0, L_0x7fc06ad19498;
L_0x5594af411860 .concat [ 8 8 0 0], L_0x5594af40f890, L_0x7fc06ad194e0;
L_0x5594af411a90 .concat [ 4 28 0 0], L_0x5594af40f520, L_0x7fc06ad19528;
L_0x5594af411b80 .cmp/eq 32, L_0x5594af411a90, L_0x7fc06ad19570;
L_0x5594af411dc0 .functor MUXZ 16, o0x7fc06ad629d8, v0x5594af3f9af0_0, L_0x5594af411b80, C4<>;
L_0x5594af411eb0 .functor MUXZ 16, L_0x5594af411dc0, L_0x5594af411860, L_0x5594af411720, C4<>;
L_0x5594af412150 .functor MUXZ 16, L_0x5594af411eb0, v0x5594af3f95b0_0, L_0x5594af411460, C4<>;
L_0x5594af412290 .functor MUXZ 16, L_0x5594af412150, v0x5594af3f8f90_0, L_0x5594af410fb0, C4<>;
    .scope S_0x5594af3c4a40;
T_0 ;
    %wait E_0x5594af3a16a0;
    %load/vec4 v0x5594af3fa1f0_0;
    %pad/u 32;
    %cmpi/e 1, 0, 32;
    %jmp/0xz  T_0.0, 4;
    %pushi/vec4 0, 0, 16;
    %assign/vec4 v0x5594af3f9a10_0, 0;
    %pushi/vec4 0, 0, 2;
    %assign/vec4 v0x5594af3fa370_0, 0;
    %pushi/vec4 1, 0, 1;
    %assign/vec4 v0x5594af3fa2b0_0, 0;
    %jmp T_0.1;
T_0.0 ;
    %load/vec4 v0x5594af3fa370_0;
    %pad/u 32;
    %cmpi/e 0, 0, 32;
    %jmp/0xz  T_0.2, 4;
    %load/vec4 v0x5594af3f9150_0;
    %assign/vec4 v0x5594af3f9310_0, 0;
    %pushi/vec4 1, 0, 2;
    %assign/vec4 v0x5594af3fa370_0, 0;
    %jmp T_0.3;
T_0.2 ;
    %load/vec4 v0x5594af3fa370_0;
    %pad/u 32;
    %cmpi/e 1, 0, 32;
    %jmp/0xz  T_0.4, 4;
    %load/vec4 v0x5594af3f9690_0;
    %pad/u 32;
    %cmpi/e 8, 0, 32;
    %flag_mov 8, 4;
    %load/vec4 v0x5594af3f9690_0;
    %pad/u 32;
    %pushi/vec4 9, 0, 32;
    %cmp/e;
    %flag_get/vec4 4;
    %load/vec4 v0x5594af3f8d10_0;
    %pad/u 32;
    %pushi/vec4 1, 0, 32;
    %cmp/e;
    %flag_get/vec4 4;
    %and;
    %flag_set/vec4 9;
    %flag_or 9, 8;
    %jmp/0xz  T_0.6, 9;
    %load/vec4 v0x5594af3d7b10_0;
    %assign/vec4 v0x5594af3f9bd0_0, 0;
    %jmp T_0.7;
T_0.6 ;
    %load/vec4 v0x5594af3f9cb0_0;
    %assign/vec4 v0x5594af3f9bd0_0, 0;
T_0.7 ;
    %load/vec4 v0x5594af3f9690_0;
    %parti/s 1, 3, 3;
    %pad/u 32;
    %cmpi/e 0, 0, 32;
    %jmp/0xz  T_0.8, 4;
    %load/vec4 v0x5594af3d76e0_0;
    %assign/vec4 v0x5594af3f8dd0_0, 0;
    %load/vec4 v0x5594af3d7b10_0;
    %assign/vec4 v0x5594af3f8eb0_0, 0;
    %jmp T_0.9;
T_0.8 ;
    %load/vec4 v0x5594af3f9690_0;
    %parti/s 2, 1, 2;
    %pad/u 32;
    %cmpi/e 1, 0, 32;
    %jmp/0xz  T_0.10, 4;
    %load/vec4 v0x5594af3d76e0_0;
    %assign/vec4 v0x5594af3f93f0_0, 0;
    %load/vec4 v0x5594af3d7b10_0;
    %assign/vec4 v0x5594af3f94d0_0, 0;
T_0.10 ;
T_0.9 ;
    %pushi/vec4 2, 0, 2;
    %assign/vec4 v0x5594af3fa370_0, 0;
    %jmp T_0.5;
T_0.4 ;
    %load/vec4 v0x5594af3fa370_0;
    %pad/u 32;
    %cmpi/e 2, 0, 32;
    %jmp/0xz  T_0.12, 4;
    %load/vec4 v0x5594af3f9690_0;
    %parti/s 1, 3, 3;
    %pad/u 32;
    %cmpi/e 0, 0, 32;
    %jmp/0xz  T_0.14, 4;
    %load/vec4 v0x5594af3f9690_0;
    %parti/s 3, 0, 2;
    %dup/vec4;
    %pushi/vec4 0, 0, 3;
    %cmp/u;
    %jmp/1 T_0.16, 6;
    %dup/vec4;
    %pushi/vec4 1, 0, 3;
    %cmp/u;
    %jmp/1 T_0.17, 6;
    %dup/vec4;
    %pushi/vec4 2, 0, 3;
    %cmp/u;
    %jmp/1 T_0.18, 6;
    %dup/vec4;
    %pushi/vec4 3, 0, 3;
    %cmp/u;
    %jmp/1 T_0.19, 6;
    %dup/vec4;
    %pushi/vec4 4, 0, 3;
    %cmp/u;
    %jmp/1 T_0.20, 6;
    %dup/vec4;
    %pushi/vec4 5, 0, 3;
    %cmp/u;
    %jmp/1 T_0.21, 6;
    %dup/vec4;
    %pushi/vec4 6, 0, 3;
    %cmp/u;
    %jmp/1 T_0.22, 6;
    %dup/vec4;
    %pushi/vec4 7, 0, 3;
    %cmp/u;
    %jmp/1 T_0.23, 6;
    %jmp T_0.24;
T_0.16 ;
    %load/vec4 v0x5594af3f8dd0_0;
    %load/vec4 v0x5594af3f8eb0_0;
    %add;
    %assign/vec4 v0x5594af3f8f90_0, 0;
    %jmp T_0.24;
T_0.17 ;
    %load/vec4 v0x5594af3f8dd0_0;
    %load/vec4 v0x5594af3f8eb0_0;
    %sub;
    %assign/vec4 v0x5594af3f8f90_0, 0;
    %jmp T_0.24;
T_0.18 ;
    %load/vec4 v0x5594af3f8dd0_0;
    %ix/getv 4, v0x5594af3f8eb0_0;
    %shiftr 4;
    %assign/vec4 v0x5594af3f8f90_0, 0;
    %jmp T_0.24;
T_0.19 ;
    %load/vec4 v0x5594af3f8dd0_0;
    %ix/getv 4, v0x5594af3f8eb0_0;
    %shiftl 4;
    %assign/vec4 v0x5594af3f8f90_0, 0;
    %jmp T_0.24;
T_0.20 ;
    %load/vec4 v0x5594af3f8dd0_0;
    %load/vec4 v0x5594af3f8eb0_0;
    %or;
    %assign/vec4 v0x5594af3f8f90_0, 0;
    %jmp T_0.24;
T_0.21 ;
    %load/vec4 v0x5594af3f8dd0_0;
    %load/vec4 v0x5594af3f8eb0_0;
    %and;
    %assign/vec4 v0x5594af3f8f90_0, 0;
    %jmp T_0.24;
T_0.22 ;
    %load/vec4 v0x5594af3f8dd0_0;
    %inv;
    %assign/vec4 v0x5594af3f8f90_0, 0;
    %jmp T_0.24;
T_0.23 ;
    %load/vec4 v0x5594af3f8dd0_0;
    %load/vec4 v0x5594af3f8eb0_0;
    %xor;
    %assign/vec4 v0x5594af3f8f90_0, 0;
    %jmp T_0.24;
T_0.24 ;
    %pop/vec4 1;
    %jmp T_0.15;
T_0.14 ;
    %load/vec4 v0x5594af3f9690_0;
    %parti/s 3, 1, 2;
    %pad/u 32;
    %cmpi/e 5, 0, 32;
    %jmp/0xz  T_0.25, 4;
    %load/vec4 v0x5594af3f9690_0;
    %parti/s 1, 0, 2;
    %pad/u 32;
    %cmpi/e 0, 0, 32;
    %jmp/0xz  T_0.27, 4;
    %pushi/vec4 0, 0, 1;
    %assign/vec4 v0x5594af3fa2b0_0, 0;
    %jmp T_0.28;
T_0.27 ;
    %pushi/vec4 1, 0, 1;
    %assign/vec4 v0x5594af3fa2b0_0, 0;
    %load/vec4 v0x5594af3f8c30_0;
    %assign/vec4 v0x5594af3f95b0_0, 0;
T_0.28 ;
    %jmp T_0.26;
T_0.25 ;
    %load/vec4 v0x5594af3f9690_0;
    %pad/u 32;
    %cmpi/e 8, 0, 32;
    %jmp/0xz  T_0.29, 4;
    %load/vec4 v0x5594af3f9cb0_0;
    %assign/vec4 v0x5594af3f9af0_0, 0;
T_0.29 ;
T_0.26 ;
T_0.15 ;
    %pushi/vec4 3, 0, 2;
    %assign/vec4 v0x5594af3fa370_0, 0;
    %jmp T_0.13;
T_0.12 ;
    %load/vec4 v0x5594af3fa370_0;
    %pad/u 32;
    %cmpi/e 3, 0, 32;
    %jmp/0xz  T_0.31, 4;
    %pushi/vec4 1, 0, 1;
    %assign/vec4 v0x5594af3fa2b0_0, 0;
    %load/vec4 v0x5594af3f9690_0;
    %parti/s 1, 3, 3;
    %pad/u 32;
    %cmpi/e 0, 0, 32;
    %jmp/0xz  T_0.33, 4;
    %load/vec4 v0x5594af3d5f40_0;
    %pad/u 32;
    %cmpi/e 0, 0, 32;
    %jmp/0xz  T_0.35, 4;
    %pushi/vec4 1, 0, 1;
    %assign/vec4 v0x5594af3f8d10_0, 0;
    %jmp T_0.36;
T_0.35 ;
    %pushi/vec4 0, 0, 1;
    %assign/vec4 v0x5594af3f8d10_0, 0;
T_0.36 ;
T_0.33 ;
    %load/vec4 v0x5594af3d5f40_0;
    %load/vec4 v0x5594af3f9770_0;
    %pad/u 6;
    %ix/vec4 3;
    %ix/load 4, 0, 0; Constant delay
    %assign/vec4/a/d v0x5594af3f9d90, 0, 4;
    %load/vec4 v0x5594af3f9bd0_0;
    %assign/vec4 v0x5594af3f9a10_0, 0;
    %pushi/vec4 0, 0, 2;
    %assign/vec4 v0x5594af3fa370_0, 0;
T_0.31 ;
T_0.13 ;
T_0.5 ;
T_0.3 ;
T_0.1 ;
    %jmp T_0;
    .thread T_0;
    .scope S_0x5594af3c4dc0;
T_1 ;
    %pushi/vec4 0, 0, 1;
    %store/vec4 v0x5594af3fd0a0_0, 0, 1;
    %pushi/vec4 0, 0, 1;
    %store/vec4 v0x5594af3fecb0_0, 0, 1;
    %delay 5, 0;
    %pushi/vec4 1, 0, 1;
    %store/vec4 v0x5594af3fecb0_0, 0, 1;
    %delay 100, 0;
    %pushi/vec4 0, 0, 1;
    %store/vec4 v0x5594af3fecb0_0, 0, 1;
    %delay 10000, 0;
    %vpi_call 2 23 "$finish" {0 0 0};
    %end;
    .thread T_1;
    .scope S_0x5594af3c4dc0;
T_2 ;
    %wait E_0x5594af39f8a0;
    %load/vec4 v0x5594af3fd160_0;
    %pad/u 32;
    %pushi/vec4 0, 0, 32;
    %cmp/e;
    %flag_get/vec4 4;
    %load/vec4 v0x5594af3fd200_0;
    %pad/u 32;
    %pushi/vec4 4, 0, 32;
    %cmp/e;
    %flag_get/vec4 4;
    %and;
    %load/vec4 v0x5594af3fed80_0;
    %pad/u 32;
    %pushi/vec4 0, 0, 32;
    %cmp/e;
    %flag_get/vec4 4;
    %and;
    %flag_set/vec4 8;
    %jmp/0xz  T_2.0, 8;
    %vpi_call 2 28 "$display", "OK" {0 0 0};
    %vpi_call 2 29 "$finish" {0 0 0};
T_2.0 ;
    %jmp T_2;
    .thread T_2;
    .scope S_0x5594af3c4dc0;
T_3 ;
    %wait E_0x5594af39f8a0;
    %ix/getv 4, v0x5594af3feab0_0;
    %load/vec4a v0x5594af3fec10, 4;
    %store/vec4 v0x5594af3feb70_0, 0, 16;
    %jmp T_3;
    .thread T_3;
    .scope S_0x5594af3c4dc0;
T_4 ;
    %wait E_0x5594af39f8a0;
    %load/vec4 v0x5594af3fed80_0;
    %pad/u 32;
    %cmpi/e 1, 0, 32;
    %jmp/0xz  T_4.0, 4;
    %ix/getv 4, v0x5594af3fd160_0;
    %load/vec4a v0x5594af3fd340, 4;
    %store/vec4 v0x5594af3fd2a0_0, 0, 16;
    %jmp T_4.1;
T_4.0 ;
    %load/vec4 v0x5594af3fd200_0;
    %ix/getv 4, v0x5594af3fd160_0;
    %store/vec4a v0x5594af3fd340, 4, 0;
T_4.1 ;
    %jmp T_4;
    .thread T_4;
    .scope S_0x5594af3c4dc0;
T_5 ;
    %pushi/vec4 5, 0, 16;
    %ix/load 4, 0, 0;
    %flag_set/imm 4, 0;
    %store/vec4a v0x5594af3fd340, 4, 0;
    %pushi/vec4 15, 0, 16;
    %ix/load 4, 1, 0;
    %flag_set/imm 4, 0;
    %store/vec4a v0x5594af3fd340, 4, 0;
    %pushi/vec4 49408, 0, 16;
    %ix/load 4, 0, 0;
    %flag_set/imm 4, 0;
    %store/vec4a v0x5594af3fec10, 4, 0;
    %pushi/vec4 50944, 0, 16;
    %ix/load 4, 1, 0;
    %flag_set/imm 4, 0;
    %store/vec4a v0x5594af3fec10, 4, 0;
    %pushi/vec4 51201, 0, 16;
    %ix/load 4, 2, 0;
    %flag_set/imm 4, 0;
    %store/vec4a v0x5594af3fec10, 4, 0;
    %pushi/vec4 51458, 0, 16;
    %ix/load 4, 3, 0;
    %flag_set/imm 4, 0;
    %store/vec4a v0x5594af3fec10, 4, 0;
    %pushi/vec4 49921, 0, 16;
    %ix/load 4, 4, 0;
    %flag_set/imm 4, 0;
    %store/vec4a v0x5594af3fec10, 4, 0;
    %pushi/vec4 50445, 0, 16;
    %ix/load 4, 5, 0;
    %flag_set/imm 4, 0;
    %store/vec4a v0x5594af3fec10, 4, 0;
    %pushi/vec4 50697, 0, 16;
    %ix/load 4, 6, 0;
    %flag_set/imm 4, 0;
    %store/vec4a v0x5594af3fec10, 4, 0;
    %pushi/vec4 45575, 0, 16;
    %ix/load 4, 7, 0;
    %flag_set/imm 4, 0;
    %store/vec4a v0x5594af3fec10, 4, 0;
    %pushi/vec4 46088, 0, 16;
    %ix/load 4, 8, 0;
    %flag_set/imm 4, 0;
    %store/vec4a v0x5594af3fec10, 4, 0;
    %pushi/vec4 274, 0, 16;
    %ix/load 4, 9, 0;
    %flag_set/imm 4, 0;
    %store/vec4a v0x5594af3fec10, 4, 0;
    %pushi/vec4 5187, 0, 16;
    %ix/load 4, 10, 0;
    %flag_set/imm 4, 0;
    %store/vec4a v0x5594af3fec10, 4, 0;
    %pushi/vec4 36869, 0, 16;
    %ix/load 4, 11, 0;
    %flag_set/imm 4, 0;
    %store/vec4a v0x5594af3fec10, 4, 0;
    %pushi/vec4 32774, 0, 16;
    %ix/load 4, 12, 0;
    %flag_set/imm 4, 0;
    %store/vec4a v0x5594af3fec10, 4, 0;
    %pushi/vec4 40985, 0, 16;
    %ix/load 4, 13, 0;
    %flag_set/imm 4, 0;
    %store/vec4a v0x5594af3fec10, 4, 0;
    %end;
    .thread T_5;
    .scope S_0x5594af3c4dc0;
T_6 ;
    %delay 10, 0;
    %load/vec4 v0x5594af3fd0a0_0;
    %inv;
    %store/vec4 v0x5594af3fd0a0_0, 0, 1;
    %jmp T_6;
    .thread T_6;
# The file index is used to find the file name in the following table.
:file_names 4;
    "N/A";
    "<interactive>";
    "simcpu4.v";
    "cpu.v";
