#! /usr/bin/vvp
:ivl_version "10.1 (stable)";
:ivl_delay_selection "TYPICAL";
:vpi_time_precision + 0;
:vpi_module "system";
:vpi_module "vhdl_sys";
:vpi_module "v2005_math";
:vpi_module "va_math";
S_0x55926fc54140 .scope module, "alutest" "alutest" 2 1;
 .timescale 0 0;
v0x55926fc74aa0_0 .var "A", 7 0;
v0x55926fc74b80_0 .var "B", 7 0;
v0x55926fc74c50_0 .var "CTR", 3 0;
v0x55926fc74d50_0 .net "O", 7 0, v0x55926fc74860_0;  1 drivers
v0x55926fc74e20_0 .var "ck", 0 0;
E_0x55926fc47150 .event negedge, v0x55926fc74940_0;
S_0x55926fc542c0 .scope module, "ALU" "alu" 2 13, 3 1 0, S_0x55926fc54140;
 .timescale 0 0;
    .port_info 0 /INPUT 8 "A"
    .port_info 1 /INPUT 8 "B"
    .port_info 2 /OUTPUT 8 "O"
    .port_info 3 /INPUT 4 "CTR"
    .port_info 4 /INPUT 1 "ck"
v0x55926fc544c0_0 .net "A", 7 0, v0x55926fc74aa0_0;  1 drivers
v0x55926fc743a0_0 .net "B", 7 0, v0x55926fc74b80_0;  1 drivers
v0x55926fc74480_0 .var "C", 3 0;
v0x55926fc74570_0 .net "CTR", 3 0, v0x55926fc74c50_0;  1 drivers
v0x55926fc74650_0 .var "INA", 7 0;
v0x55926fc74780_0 .var "INB", 7 0;
v0x55926fc74860_0 .var "O", 7 0;
v0x55926fc74940_0 .net "ck", 0 0, v0x55926fc74e20_0;  1 drivers
E_0x55926fc46da0 .event posedge, v0x55926fc74940_0;
    .scope S_0x55926fc542c0;
T_0 ;
    %wait E_0x55926fc46da0;
    %load/vec4 v0x55926fc74570_0;
    %assign/vec4 v0x55926fc74480_0, 0;
    %load/vec4 v0x55926fc544c0_0;
    %assign/vec4 v0x55926fc74650_0, 0;
    %load/vec4 v0x55926fc743a0_0;
    %assign/vec4 v0x55926fc74780_0, 0;
    %load/vec4 v0x55926fc74480_0;
    %dup/vec4;
    %pushi/vec4 0, 0, 4;
    %cmp/u;
    %jmp/1 T_0.0, 6;
    %dup/vec4;
    %pushi/vec4 1, 0, 4;
    %cmp/u;
    %jmp/1 T_0.1, 6;
    %dup/vec4;
    %pushi/vec4 8, 0, 4;
    %cmp/u;
    %jmp/1 T_0.2, 6;
    %dup/vec4;
    %pushi/vec4 9, 0, 4;
    %cmp/u;
    %jmp/1 T_0.3, 6;
    %dup/vec4;
    %pushi/vec4 10, 0, 4;
    %cmp/u;
    %jmp/1 T_0.4, 6;
    %dup/vec4;
    %pushi/vec4 11, 0, 4;
    %cmp/u;
    %jmp/1 T_0.5, 6;
    %dup/vec4;
    %pushi/vec4 12, 0, 4;
    %cmp/u;
    %jmp/1 T_0.6, 6;
    %dup/vec4;
    %pushi/vec4 13, 0, 4;
    %cmp/u;
    %jmp/1 T_0.7, 6;
    %dup/vec4;
    %pushi/vec4 13, 0, 4;
    %cmp/u;
    %jmp/1 T_0.8, 6;
    %dup/vec4;
    %pushi/vec4 15, 0, 4;
    %cmp/u;
    %jmp/1 T_0.9, 6;
    %jmp T_0.10;
T_0.0 ;
    %load/vec4 v0x55926fc74650_0;
    %load/vec4 v0x55926fc74780_0;
    %add;
    %assign/vec4 v0x55926fc74860_0, 0;
    %jmp T_0.10;
T_0.1 ;
    %load/vec4 v0x55926fc74650_0;
    %load/vec4 v0x55926fc74780_0;
    %sub;
    %assign/vec4 v0x55926fc74860_0, 0;
    %jmp T_0.10;
T_0.2 ;
    %load/vec4 v0x55926fc74650_0;
    %load/vec4 v0x55926fc74780_0;
    %and;
    %assign/vec4 v0x55926fc74860_0, 0;
    %jmp T_0.10;
T_0.3 ;
    %load/vec4 v0x55926fc74650_0;
    %load/vec4 v0x55926fc74780_0;
    %or;
    %assign/vec4 v0x55926fc74860_0, 0;
    %jmp T_0.10;
T_0.4 ;
    %load/vec4 v0x55926fc74650_0;
    %load/vec4 v0x55926fc74780_0;
    %xor;
    %assign/vec4 v0x55926fc74860_0, 0;
    %jmp T_0.10;
T_0.5 ;
    %load/vec4 v0x55926fc74650_0;
    %inv;
    %assign/vec4 v0x55926fc74860_0, 0;
    %jmp T_0.10;
T_0.6 ;
    %load/vec4 v0x55926fc74650_0;
    %ix/load 4, 1, 0;
    %flag_set/imm 4, 0;
    %shiftr 4;
    %assign/vec4 v0x55926fc74860_0, 0;
    %jmp T_0.10;
T_0.7 ;
    %load/vec4 v0x55926fc74650_0;
    %ix/load 4, 1, 0;
    %flag_set/imm 4, 0;
    %shiftl 4;
    %assign/vec4 v0x55926fc74860_0, 0;
    %jmp T_0.10;
T_0.8 ;
    %load/vec4 v0x55926fc74650_0;
    %parti/s 1, 0, 2;
    %pad/u 32;
    %cmpi/e 0, 0, 32;
    %flag_mov 8, 4;
    %jmp/0 T_0.11, 8;
    %load/vec4 v0x55926fc74650_0;
    %ix/load 4, 1, 0;
    %flag_set/imm 4, 0;
    %shiftr 4;
    %jmp/1 T_0.12, 8;
T_0.11 ; End of true expr.
    %pushi/vec4 0, 0, 8;
    %jmp/0 T_0.12, 8;
 ; End of false expr.
    %blend;
T_0.12;
    %assign/vec4 v0x55926fc74860_0, 0;
    %jmp T_0.10;
T_0.9 ;
    %load/vec4 v0x55926fc74650_0;
    %parti/s 1, 7, 4;
    %pad/u 32;
    %cmpi/e 0, 0, 32;
    %flag_mov 8, 4;
    %jmp/0 T_0.13, 8;
    %load/vec4 v0x55926fc74650_0;
    %ix/load 4, 1, 0;
    %flag_set/imm 4, 0;
    %shiftl 4;
    %jmp/1 T_0.14, 8;
T_0.13 ; End of true expr.
    %load/vec4 v0x55926fc74650_0;
    %ix/load 4, 2, 0;
    %flag_set/imm 4, 0;
    %shiftl 4;
    %jmp/0 T_0.14, 8;
 ; End of false expr.
    %blend;
T_0.14;
    %assign/vec4 v0x55926fc74860_0, 0;
    %jmp T_0.10;
T_0.10 ;
    %pop/vec4 1;
    %jmp T_0;
    .thread T_0;
    .scope S_0x55926fc54140;
T_1 ;
    %pushi/vec4 0, 0, 1;
    %store/vec4 v0x55926fc74e20_0, 0, 1;
    %vpi_call 2 8 "$dumpfile", "alu.vcd" {0 0 0};
    %vpi_call 2 9 "$dumpvars" {0 0 0};
    %vpi_call 2 10 "$monitor", "%t\011A=%h, B=%h, CTR=%h, OUT=%h", $time, v0x55926fc74aa0_0, v0x55926fc74b80_0, v0x55926fc74c50_0, v0x55926fc74d50_0 {0 0 0};
    %delay 150, 0;
    %vpi_call 2 11 "$finish" {0 0 0};
    %end;
    .thread T_1;
    .scope S_0x55926fc54140;
T_2 ;
    %delay 10, 0;
    %load/vec4 v0x55926fc74e20_0;
    %inv;
    %store/vec4 v0x55926fc74e20_0, 0, 1;
    %jmp T_2;
    .thread T_2;
    .scope S_0x55926fc54140;
T_3 ;
    %wait E_0x55926fc47150;
    %vpi_func 2 16 "$random" 32 {0 0 0};
    %pad/s 8;
    %store/vec4 v0x55926fc74aa0_0, 0, 8;
    %vpi_func 2 17 "$random" 32 {0 0 0};
    %pad/s 8;
    %store/vec4 v0x55926fc74b80_0, 0, 8;
    %vpi_func 2 18 "$random" 32 {0 0 0};
    %pad/s 4;
    %store/vec4 v0x55926fc74c50_0, 0, 4;
    %jmp T_3;
    .thread T_3;
# The file index is used to find the file name in the following table.
:file_names 4;
    "N/A";
    "<interactive>";
    "alutest.v";
    "alu.v";
