#! /usr/bin/vvp
:ivl_version "10.1 (stable)";
:ivl_delay_selection "TYPICAL";
:vpi_time_precision + 0;
:vpi_module "system";
:vpi_module "vhdl_sys";
:vpi_module "v2005_math";
:vpi_module "va_math";
S_0x5558eab9b540 .scope module, "testadd4" "testadd4" 2 1;
 .timescale 0 0;
v0x5558eabbbec0_0 .var "a", 3 0;
v0x5558eabbbf80_0 .var "b", 3 0;
v0x5558eabbc050_0 .net "s", 7 0, L_0x5558eabbc400;  1 drivers
S_0x5558eab9b6c0 .scope module, "add" "add4" 2 14, 3 1 0, S_0x5558eab9b540;
 .timescale 0 0;
    .port_info 0 /OUTPUT 8 "s"
    .port_info 1 /INPUT 4 "a"
    .port_info 2 /INPUT 4 "b"
v0x5558eab9b890_0 .net *"_s0", 7 0, L_0x5558eabbc150;  1 drivers
L_0x7fd5bb576018 .functor BUFT 1, C4<0000>, C4<0>, C4<0>, C4<0>;
v0x5558eabbb8d0_0 .net *"_s3", 3 0, L_0x7fd5bb576018;  1 drivers
v0x5558eabbb9b0_0 .net *"_s4", 7 0, L_0x5558eabbc2c0;  1 drivers
L_0x7fd5bb576060 .functor BUFT 1, C4<0000>, C4<0>, C4<0>, C4<0>;
v0x5558eabbba70_0 .net *"_s7", 3 0, L_0x7fd5bb576060;  1 drivers
v0x5558eabbbb50_0 .net "a", 3 0, v0x5558eabbbec0_0;  1 drivers
v0x5558eabbbc80_0 .net "b", 3 0, v0x5558eabbbf80_0;  1 drivers
v0x5558eabbbd60_0 .net "s", 7 0, L_0x5558eabbc400;  alias, 1 drivers
L_0x5558eabbc150 .concat [ 4 4 0 0], v0x5558eabbbec0_0, L_0x7fd5bb576018;
L_0x5558eabbc2c0 .concat [ 4 4 0 0], v0x5558eabbbf80_0, L_0x7fd5bb576060;
L_0x5558eabbc400 .arith/mult 8, L_0x5558eabbc150, L_0x5558eabbc2c0;
    .scope S_0x5558eab9b540;
T_0 ;
    %vpi_call 2 5 "$monitor", "%t %b * %b = %b", $time, v0x5558eabbbec0_0, v0x5558eabbbf80_0, v0x5558eabbc050_0 {0 0 0};
    %pushi/vec4 0, 0, 4;
    %assign/vec4 v0x5558eabbbec0_0, 0;
    %pushi/vec4 0, 0, 4;
    %assign/vec4 v0x5558eabbbf80_0, 0;
    %delay 40, 0;
    %pushi/vec4 1, 0, 4;
    %assign/vec4 v0x5558eabbbec0_0, 0;
    %pushi/vec4 3, 0, 4;
    %assign/vec4 v0x5558eabbbf80_0, 0;
    %delay 40, 0;
    %pushi/vec4 4, 0, 4;
    %assign/vec4 v0x5558eabbbec0_0, 0;
    %pushi/vec4 8, 0, 4;
    %assign/vec4 v0x5558eabbbf80_0, 0;
    %delay 40, 0;
    %vpi_func 2 9 "$random" 32 {0 0 0};
    %pad/s 4;
    %assign/vec4 v0x5558eabbbec0_0, 0;
    %vpi_func 2 9 "$random" 32 {0 0 0};
    %pad/s 4;
    %assign/vec4 v0x5558eabbbf80_0, 0;
    %delay 40, 0;
    %vpi_func 2 10 "$random" 32 {0 0 0};
    %pad/s 4;
    %assign/vec4 v0x5558eabbbec0_0, 0;
    %vpi_func 2 10 "$random" 32 {0 0 0};
    %pad/s 4;
    %assign/vec4 v0x5558eabbbf80_0, 0;
    %delay 40, 0;
    %vpi_call 2 12 "$finish" {0 0 0};
    %end;
    .thread T_0;
# The file index is used to find the file name in the following table.
:file_names 4;
    "N/A";
    "<interactive>";
    "testmul41.v";
    "mul4.v";
